#
# There is insufficient memory for the Java Runtime Environment to continue.
# Native memory allocation (malloc) failed to allocate 1058896 bytes. Error detail: Chunk::new
# Possible reasons:
#   The system is out of physical RAM or swap space
#   This process is running with CompressedOops enabled, and the Java Heap may be blocking the growth of the native heap
# Possible solutions:
#   Reduce memory load on the system
#   Increase physical memory or swap space
#   Check if swap backing store is full
#   Decrease Java heap size (-Xmx/-Xms)
#   Decrease number of Java threads
#   Decrease Java thread stack sizes (-Xss)
#   Set larger code cache with -XX:ReservedCodeCacheSize=
#   JVM is running with Unscaled Compressed Oops mode in which the Java heap is
#     placed in the first 4GB address space. The Java Heap base address is the
#     maximum limit for the native heap growth. Please use -XX:HeapBaseMinAddress
#     to set the Java Heap base and to place the Java Heap above 4GB virtual address.
# This output file may be truncated or incomplete.
#
#  Out of Memory Error (arena.cpp:150), pid=5036, tid=16248
#
# JRE version: Java(TM) SE Runtime Environment (22.0.2+9) (build 22.0.2+9-70)
# Java VM: Java HotSpot(TM) 64-Bit Server VM (22.0.2+9-70, mixed mode, sharing, tiered, compressed oops, compressed class ptrs, g1 gc, windows-amd64)
# No core dump will be written. Minidumps are not enabled by default on client versions of Windows
#

---------------  S U M M A R Y ------------

Command Line: -Dclassworlds.conf=C:\Users\Aditya\Downloads\apache-maven-3.9.6-bin\apache-maven-3.9.6\bin\m2.conf -Dmaven.home=C:\Users\Aditya\Downloads\apache-maven-3.9.6-bin\apache-maven-3.9.6 -Dlibrary.jansi.path=C:\Users\Aditya\Downloads\apache-maven-3.9.6-bin\apache-maven-3.9.6\lib\jansi-native -Dmaven.multiModuleProjectDirectory=D:\python\development\Backend\delivery-app\deliveryboy org.codehaus.plexus.classworlds.launcher.Launcher spring-boot:run

Host: Intel(R) Core(TM) i5-8300H CPU @ 2.30GHz, 8 cores, 7G,  Windows 11 , 64 bit Build 22621 (10.0.22621.3958)
Time: Mon Oct  7 11:17:09 2024 India Standard Time elapsed time: 3.754658 seconds (0d 0h 0m 3s)

---------------  T H R E A D  ---------------

Current thread (0x000002580b1f1a60):  JavaThread "C2 CompilerThread1" daemon [_thread_in_native, id=16248, stack(0x000000b845d00000,0x000000b845e00000) (1024K)]


Current CompileTask:
C2:3754 4831       4       java.lang.invoke.MethodType::methodType (69 bytes)

Stack: [0x000000b845d00000,0x000000b845e00000]
Native frames: (J=compiled Java code, j=interpreted, Vv=VM code, C=native code)
V  [jvm.dll+0x6e26e9]  (no source info available)
V  [jvm.dll+0x875753]  (no source info available)
V  [jvm.dll+0x877b7e]  (no source info available)
V  [jvm.dll+0x878253]  (no source info available)
V  [jvm.dll+0x27fc86]  (no source info available)
V  [jvm.dll+0xc3d0f]  (no source info available)
V  [jvm.dll+0xc3f6b]  (no source info available)
V  [jvm.dll+0x2f3c7f]  (no source info available)
V  [jvm.dll+0x60c0fa]  (no source info available)
V  [jvm.dll+0x250c92]  (no source info available)
V  [jvm.dll+0x24937c]  (no source info available)
V  [jvm.dll+0x246da6]  (no source info available)
V  [jvm.dll+0x1c4e80]  (no source info available)
V  [jvm.dll+0x2568f3]  (no source info available)
V  [jvm.dll+0x254baa]  (no source info available)
V  [jvm.dll+0x3f57a6]  (no source info available)
V  [jvm.dll+0x81dc0b]  (no source info available)
V  [jvm.dll+0x6e0d85]  (no source info available)
C  [ucrtbase.dll+0x29333]  (no source info available)
C  [KERNEL32.DLL+0x1257d]  (no source info available)
C  [ntdll.dll+0x5af28]  (no source info available)


---------------  P R O C E S S  ---------------

Threads class SMR info:
_java_thread_list=0x000002580b7cd3d0, length=13, elements={
0x00000257a6837460, 0x00000257c5110130, 0x00000257c5112f60, 0x00000257c5120120,
0x00000257c51218d0, 0x00000257c5122570, 0x00000257c51256e0, 0x00000257c5126ea0,
0x00000257c5129d20, 0x00000257c56059c0, 0x00000257c560ea90, 0x000002580b1f1a60,
0x000002580ba01820
}

Java Threads: ( => current thread )
  0x00000257a6837460 JavaThread "main"                              [_thread_in_native, id=12552, stack(0x000000b844b00000,0x000000b844c00000) (1024K)]
  0x00000257c5110130 JavaThread "Reference Handler"          daemon [_thread_blocked, id=1388, stack(0x000000b845300000,0x000000b845400000) (1024K)]
  0x00000257c5112f60 JavaThread "Finalizer"                  daemon [_thread_blocked, id=1532, stack(0x000000b845400000,0x000000b845500000) (1024K)]
  0x00000257c5120120 JavaThread "Signal Dispatcher"          daemon [_thread_blocked, id=1048, stack(0x000000b845500000,0x000000b845600000) (1024K)]
  0x00000257c51218d0 JavaThread "Attach Listener"            daemon [_thread_blocked, id=12612, stack(0x000000b845600000,0x000000b845700000) (1024K)]
  0x00000257c5122570 JavaThread "Service Thread"             daemon [_thread_blocked, id=4656, stack(0x000000b845700000,0x000000b845800000) (1024K)]
  0x00000257c51256e0 JavaThread "Monitor Deflation Thread"   daemon [_thread_blocked, id=16352, stack(0x000000b845800000,0x000000b845900000) (1024K)]
  0x00000257c5126ea0 JavaThread "C2 CompilerThread0"         daemon [_thread_in_native, id=17984, stack(0x000000b845900000,0x000000b845a00000) (1024K)]
  0x00000257c5129d20 JavaThread "C1 CompilerThread0"         daemon [_thread_blocked, id=18392, stack(0x000000b845a00000,0x000000b845b00000) (1024K)]
  0x00000257c56059c0 JavaThread "Notification Thread"        daemon [_thread_blocked, id=10184, stack(0x000000b845b00000,0x000000b845c00000) (1024K)]
  0x00000257c560ea90 JavaThread "Common-Cleaner"             daemon [_thread_blocked, id=18148, stack(0x000000b845c00000,0x000000b845d00000) (1024K)]
=>0x000002580b1f1a60 JavaThread "C2 CompilerThread1"         daemon [_thread_in_native, id=16248, stack(0x000000b845d00000,0x000000b845e00000) (1024K)]
  0x000002580ba01820 JavaThread "C2 CompilerThread2"         daemon [_thread_blocked, id=16000, stack(0x000000b845e00000,0x000000b845f00000) (1024K)]
Total: 13

Other Threads:
  0x00000257c50f2af0 VMThread "VM Thread"                           [id=9332, stack(0x000000b845200000,0x000000b845300000) (1024K)]
  0x00000257c50dbaa0 WatcherThread "VM Periodic Task Thread"        [id=18116, stack(0x000000b845100000,0x000000b845200000) (1024K)]
  0x00000257a8b475b0 WorkerThread "GC Thread#0"                     [id=868, stack(0x000000b844c00000,0x000000b844d00000) (1024K)]
  0x000002580c5cba50 WorkerThread "GC Thread#1"                     [id=10276, stack(0x000000b845f00000,0x000000b846000000) (1024K)]
  0x000002580be41830 WorkerThread "GC Thread#2"                     [id=16972, stack(0x000000b846000000,0x000000b846100000) (1024K)]
  0x000002580c3e1300 WorkerThread "GC Thread#3"                     [id=2648, stack(0x000000b846100000,0x000000b846200000) (1024K)]
  0x000002580c460e30 WorkerThread "GC Thread#4"                     [id=12812, stack(0x000000b846200000,0x000000b846300000) (1024K)]
  0x000002580c4611e0 WorkerThread "GC Thread#5"                     [id=5924, stack(0x000000b846300000,0x000000b846400000) (1024K)]
  0x000002580bf507e0 WorkerThread "GC Thread#6"                     [id=16428, stack(0x000000b846400000,0x000000b846500000) (1024K)]
  0x000002580bf513b0 WorkerThread "GC Thread#7"                     [id=8932, stack(0x000000b846500000,0x000000b846600000) (1024K)]
  0x00000257a8b589b0 ConcurrentGCThread "G1 Main Marker"            [id=5348, stack(0x000000b844d00000,0x000000b844e00000) (1024K)]
  0x00000257a8b5a3e0 WorkerThread "G1 Conc#0"                       [id=14284, stack(0x000000b844e00000,0x000000b844f00000) (1024K)]
  0x00000257c4faf000 ConcurrentGCThread "G1 Refine#0"               [id=6996, stack(0x000000b844f00000,0x000000b845000000) (1024K)]
  0x00000257c4fafa90 ConcurrentGCThread "G1 Service"                [id=6288, stack(0x000000b845000000,0x000000b845100000) (1024K)]
Total: 14

Threads with active compile tasks:
C2 CompilerThread0  3796 4758       4       java.lang.invoke.MethodType::makeImpl (109 bytes)
C2 CompilerThread1  3796 4831       4       java.lang.invoke.MethodType::methodType (69 bytes)
Total: 2

VM state: not at safepoint (normal execution)

VM Mutex/Monitor currently owned by a thread: None

Heap address: 0x0000000082600000, size: 2010 MB, Compressed Oops mode: 32-bit

CDS archive(s) mapped at: [0x00000257c6000000-0x00000257c6c60000-0x00000257c6c60000), size 12976128, SharedBaseAddress: 0x00000257c6000000, ArchiveRelocationMode: 1.
Compressed class space mapped at: 0x00000257c7000000-0x0000025807000000, reserved size: 1073741824
Narrow klass base: 0x00000257c6000000, Narrow klass shift: 0, Narrow klass range: 0x41000000

GC Precious Log:
 CardTable entry size: 512
 Card Set container configuration: InlinePtr #cards 5 size 8 Array Of Cards #cards 12 size 40 Howl #buckets 4 coarsen threshold 1843 Howl Bitmap #cards 512 size 80 coarsen threshold 460 Card regions per heap region 1 cards per card region 2048
 CPUs: 8 total, 8 available
 Memory: 8034M
 Large Page Support: Disabled
 NUMA Support: Disabled
 Compressed Oops: Enabled (32-bit)
 Heap Region Size: 1M
 Heap Min Capacity: 8M
 Heap Initial Capacity: 126M
 Heap Max Capacity: 2010M
 Pre-touch: Disabled
 Parallel Workers: 8
 Concurrent Workers: 2
 Concurrent Refinement Workers: 8
 Periodic GC: Disabled

Heap:
 garbage-first heap   total reserved 2058240K, committed 129024K, used 104253K [0x0000000082600000, 0x0000000100000000)
  region size 1024K, 67 young (68608K), 10 survivors (10240K)
 Metaspace       used 19642K, committed 19904K, reserved 1114112K
  class space    used 2257K, committed 2368K, reserved 1048576K

Heap Regions: E=young(eden), S=young(survivor), O=old, HS=humongous(starts), HC=humongous(continues), CS=collection set, F=free, TAMS=top-at-mark-start, PB=parsable bottom
|   0|0x0000000082600000, 0x0000000082700000, 0x0000000082700000|100%| O|  |TAMS 0x0000000082600000| PB 0x0000000082600000| Untracked |  0
|   1|0x0000000082700000, 0x0000000082800000, 0x0000000082800000|100%| O|  |TAMS 0x0000000082700000| PB 0x0000000082700000| Untracked |  0
|   2|0x0000000082800000, 0x0000000082900000, 0x0000000082900000|100%| O|  |TAMS 0x0000000082800000| PB 0x0000000082800000| Untracked |  0
|   3|0x0000000082900000, 0x00000000829cf580, 0x0000000082a00000| 80%| O|  |TAMS 0x0000000082900000| PB 0x0000000082900000| Untracked |  0
|   4|0x0000000082a00000, 0x0000000082b00000, 0x0000000082b00000|100%|HS|  |TAMS 0x0000000082a00000| PB 0x0000000082a00000| Complete |  0
|   5|0x0000000082b00000, 0x0000000082c00000, 0x0000000082c00000|100%|HC|  |TAMS 0x0000000082b00000| PB 0x0000000082b00000| Complete |  0
|   6|0x0000000082c00000, 0x0000000082d00000, 0x0000000082d00000|100%|HC|  |TAMS 0x0000000082c00000| PB 0x0000000082c00000| Complete |  0
|   7|0x0000000082d00000, 0x0000000082e00000, 0x0000000082e00000|100%|HC|  |TAMS 0x0000000082d00000| PB 0x0000000082d00000| Complete |  0
|   8|0x0000000082e00000, 0x0000000082f00000, 0x0000000082f00000|100%|HC|  |TAMS 0x0000000082e00000| PB 0x0000000082e00000| Complete |  0
|   9|0x0000000082f00000, 0x0000000083000000, 0x0000000083000000|100%|HC|  |TAMS 0x0000000082f00000| PB 0x0000000082f00000| Complete |  0
|  10|0x0000000083000000, 0x0000000083100000, 0x0000000083100000|100%|HC|  |TAMS 0x0000000083000000| PB 0x0000000083000000| Complete |  0
|  11|0x0000000083100000, 0x0000000083200000, 0x0000000083200000|100%|HC|  |TAMS 0x0000000083100000| PB 0x0000000083100000| Complete |  0
|  12|0x0000000083200000, 0x0000000083300000, 0x0000000083300000|100%|HS|  |TAMS 0x0000000083200000| PB 0x0000000083200000| Complete |  0
|  13|0x0000000083300000, 0x0000000083400000, 0x0000000083400000|100%|HC|  |TAMS 0x0000000083300000| PB 0x0000000083300000| Complete |  0
|  14|0x0000000083400000, 0x0000000083500000, 0x0000000083500000|100%|HC|  |TAMS 0x0000000083400000| PB 0x0000000083400000| Complete |  0
|  15|0x0000000083500000, 0x0000000083600000, 0x0000000083600000|100%|HC|  |TAMS 0x0000000083500000| PB 0x0000000083500000| Complete |  0
|  16|0x0000000083600000, 0x0000000083700000, 0x0000000083700000|100%|HC|  |TAMS 0x0000000083600000| PB 0x0000000083600000| Complete |  0
|  17|0x0000000083700000, 0x0000000083800000, 0x0000000083800000|100%|HC|  |TAMS 0x0000000083700000| PB 0x0000000083700000| Complete |  0
|  18|0x0000000083800000, 0x0000000083900000, 0x0000000083900000|100%|HC|  |TAMS 0x0000000083800000| PB 0x0000000083800000| Complete |  0
|  19|0x0000000083900000, 0x0000000083a00000, 0x0000000083a00000|100%|HC|  |TAMS 0x0000000083900000| PB 0x0000000083900000| Complete |  0
|  20|0x0000000083a00000, 0x0000000083b00000, 0x0000000083b00000|100%|HC|  |TAMS 0x0000000083a00000| PB 0x0000000083a00000| Complete |  0
|  21|0x0000000083b00000, 0x0000000083c00000, 0x0000000083c00000|100%|HC|  |TAMS 0x0000000083b00000| PB 0x0000000083b00000| Complete |  0
|  22|0x0000000083c00000, 0x0000000083d00000, 0x0000000083d00000|100%|HC|  |TAMS 0x0000000083c00000| PB 0x0000000083c00000| Complete |  0
|  23|0x0000000083d00000, 0x0000000083e00000, 0x0000000083e00000|100%|HC|  |TAMS 0x0000000083d00000| PB 0x0000000083d00000| Complete |  0
|  24|0x0000000083e00000, 0x0000000083f00000, 0x0000000083f00000|100%|HS|  |TAMS 0x0000000083e00000| PB 0x0000000083e00000| Complete |  0
|  25|0x0000000083f00000, 0x0000000084000000, 0x0000000084000000|100%|HC|  |TAMS 0x0000000083f00000| PB 0x0000000083f00000| Complete |  0
|  26|0x0000000084000000, 0x0000000084100000, 0x0000000084100000|100%|HC|  |TAMS 0x0000000084000000| PB 0x0000000084000000| Complete |  0
|  27|0x0000000084100000, 0x0000000084200000, 0x0000000084200000|100%|HC|  |TAMS 0x0000000084100000| PB 0x0000000084100000| Complete |  0
|  28|0x0000000084200000, 0x0000000084300000, 0x0000000084300000|100%|HC|  |TAMS 0x0000000084200000| PB 0x0000000084200000| Complete |  0
|  29|0x0000000084300000, 0x0000000084400000, 0x0000000084400000|100%|HC|  |TAMS 0x0000000084300000| PB 0x0000000084300000| Complete |  0
|  30|0x0000000084400000, 0x0000000084500000, 0x0000000084500000|100%|HC|  |TAMS 0x0000000084400000| PB 0x0000000084400000| Complete |  0
|  31|0x0000000084500000, 0x0000000084600000, 0x0000000084600000|100%|HC|  |TAMS 0x0000000084500000| PB 0x0000000084500000| Complete |  0
|  32|0x0000000084600000, 0x0000000084700000, 0x0000000084700000|100%|HC|  |TAMS 0x0000000084600000| PB 0x0000000084600000| Complete |  0
|  33|0x0000000084700000, 0x0000000084800000, 0x0000000084800000|100%|HC|  |TAMS 0x0000000084700000| PB 0x0000000084700000| Complete |  0
|  34|0x0000000084800000, 0x0000000084900000, 0x0000000084900000|100%|HC|  |TAMS 0x0000000084800000| PB 0x0000000084800000| Complete |  0
|  35|0x0000000084900000, 0x0000000084a00000, 0x0000000084a00000|100%|HC|  |TAMS 0x0000000084900000| PB 0x0000000084900000| Complete |  0
|  36|0x0000000084a00000, 0x0000000084a00000, 0x0000000084b00000|  0%| F|  |TAMS 0x0000000084a00000| PB 0x0000000084a00000| Untracked |  0
|  37|0x0000000084b00000, 0x0000000084b00000, 0x0000000084c00000|  0%| F|  |TAMS 0x0000000084b00000| PB 0x0000000084b00000| Untracked |  0
|  38|0x0000000084c00000, 0x0000000084c00000, 0x0000000084d00000|  0%| F|  |TAMS 0x0000000084c00000| PB 0x0000000084c00000| Untracked |  0
|  39|0x0000000084d00000, 0x0000000084d00000, 0x0000000084e00000|  0%| F|  |TAMS 0x0000000084d00000| PB 0x0000000084d00000| Untracked |  0
|  40|0x0000000084e00000, 0x0000000084e00000, 0x0000000084f00000|  0%| F|  |TAMS 0x0000000084e00000| PB 0x0000000084e00000| Untracked |  0
|  41|0x0000000084f00000, 0x0000000085000000, 0x0000000085000000|100%| S|CS|TAMS 0x0000000084f00000| PB 0x0000000084f00000| Complete |  0
|  42|0x0000000085000000, 0x0000000085100000, 0x0000000085100000|100%| S|CS|TAMS 0x0000000085000000| PB 0x0000000085000000| Complete |  0
|  43|0x0000000085100000, 0x0000000085200000, 0x0000000085200000|100%| S|CS|TAMS 0x0000000085100000| PB 0x0000000085100000| Complete |  0
|  44|0x0000000085200000, 0x0000000085300000, 0x0000000085300000|100%| S|CS|TAMS 0x0000000085200000| PB 0x0000000085200000| Complete |  0
|  45|0x0000000085300000, 0x0000000085400000, 0x0000000085400000|100%| S|CS|TAMS 0x0000000085300000| PB 0x0000000085300000| Complete |  0
|  46|0x0000000085400000, 0x0000000085500000, 0x0000000085500000|100%| S|CS|TAMS 0x0000000085400000| PB 0x0000000085400000| Complete |  0
|  47|0x0000000085500000, 0x0000000085600000, 0x0000000085600000|100%| S|CS|TAMS 0x0000000085500000| PB 0x0000000085500000| Complete |  0
|  48|0x0000000085600000, 0x0000000085700000, 0x0000000085700000|100%| S|CS|TAMS 0x0000000085600000| PB 0x0000000085600000| Complete |  0
|  49|0x0000000085700000, 0x0000000085800000, 0x0000000085800000|100%| S|CS|TAMS 0x0000000085700000| PB 0x0000000085700000| Complete |  0
|  50|0x0000000085800000, 0x0000000085900000, 0x0000000085900000|100%| S|CS|TAMS 0x0000000085800000| PB 0x0000000085800000| Complete |  0
|  51|0x0000000085900000, 0x0000000085900000, 0x0000000085a00000|  0%| F|  |TAMS 0x0000000085900000| PB 0x0000000085900000| Untracked |  0
|  52|0x0000000085a00000, 0x0000000085a00000, 0x0000000085b00000|  0%| F|  |TAMS 0x0000000085a00000| PB 0x0000000085a00000| Untracked |  0
|  53|0x0000000085b00000, 0x0000000085b00000, 0x0000000085c00000|  0%| F|  |TAMS 0x0000000085b00000| PB 0x0000000085b00000| Untracked |  0
|  54|0x0000000085c00000, 0x0000000085c00000, 0x0000000085d00000|  0%| F|  |TAMS 0x0000000085c00000| PB 0x0000000085c00000| Untracked |  0
|  55|0x0000000085d00000, 0x0000000085d00000, 0x0000000085e00000|  0%| F|  |TAMS 0x0000000085d00000| PB 0x0000000085d00000| Untracked |  0
|  56|0x0000000085e00000, 0x0000000085e00000, 0x0000000085f00000|  0%| F|  |TAMS 0x0000000085e00000| PB 0x0000000085e00000| Untracked |  0
|  57|0x0000000085f00000, 0x0000000085f00000, 0x0000000086000000|  0%| F|  |TAMS 0x0000000085f00000| PB 0x0000000085f00000| Untracked |  0
|  58|0x0000000086000000, 0x0000000086000000, 0x0000000086100000|  0%| F|  |TAMS 0x0000000086000000| PB 0x0000000086000000| Untracked |  0
|  59|0x0000000086100000, 0x0000000086100000, 0x0000000086200000|  0%| F|  |TAMS 0x0000000086100000| PB 0x0000000086100000| Untracked |  0
|  60|0x0000000086200000, 0x0000000086200000, 0x0000000086300000|  0%| F|  |TAMS 0x0000000086200000| PB 0x0000000086200000| Untracked |  0
|  61|0x0000000086300000, 0x0000000086300000, 0x0000000086400000|  0%| F|  |TAMS 0x0000000086300000| PB 0x0000000086300000| Untracked |  0
|  62|0x0000000086400000, 0x0000000086400000, 0x0000000086500000|  0%| F|  |TAMS 0x0000000086400000| PB 0x0000000086400000| Untracked |  0
|  63|0x0000000086500000, 0x0000000086500000, 0x0000000086600000|  0%| F|  |TAMS 0x0000000086500000| PB 0x0000000086500000| Untracked |  0
|  64|0x0000000086600000, 0x0000000086600000, 0x0000000086700000|  0%| F|  |TAMS 0x0000000086600000| PB 0x0000000086600000| Untracked |  0
|  65|0x0000000086700000, 0x0000000086700000, 0x0000000086800000|  0%| F|  |TAMS 0x0000000086700000| PB 0x0000000086700000| Untracked |  0
|  66|0x0000000086800000, 0x0000000086800000, 0x0000000086900000|  0%| F|  |TAMS 0x0000000086800000| PB 0x0000000086800000| Untracked |  0
|  67|0x0000000086900000, 0x0000000086900000, 0x0000000086a00000|  0%| F|  |TAMS 0x0000000086900000| PB 0x0000000086900000| Untracked |  0
|  68|0x0000000086a00000, 0x0000000086a00000, 0x0000000086b00000|  0%| F|  |TAMS 0x0000000086a00000| PB 0x0000000086a00000| Untracked |  0
|  69|0x0000000086b00000, 0x0000000086b80000, 0x0000000086c00000| 50%| E|  |TAMS 0x0000000086b00000| PB 0x0000000086b00000| Complete |  0
|  70|0x0000000086c00000, 0x0000000086d00000, 0x0000000086d00000|100%| E|CS|TAMS 0x0000000086c00000| PB 0x0000000086c00000| Complete |  0
|  71|0x0000000086d00000, 0x0000000086e00000, 0x0000000086e00000|100%| E|CS|TAMS 0x0000000086d00000| PB 0x0000000086d00000| Complete |  0
|  72|0x0000000086e00000, 0x0000000086f00000, 0x0000000086f00000|100%| E|CS|TAMS 0x0000000086e00000| PB 0x0000000086e00000| Complete |  0
|  73|0x0000000086f00000, 0x0000000087000000, 0x0000000087000000|100%| E|CS|TAMS 0x0000000086f00000| PB 0x0000000086f00000| Complete |  0
|  74|0x0000000087000000, 0x0000000087100000, 0x0000000087100000|100%| E|CS|TAMS 0x0000000087000000| PB 0x0000000087000000| Complete |  0
|  75|0x0000000087100000, 0x0000000087200000, 0x0000000087200000|100%| E|CS|TAMS 0x0000000087100000| PB 0x0000000087100000| Complete |  0
|  76|0x0000000087200000, 0x0000000087300000, 0x0000000087300000|100%| E|CS|TAMS 0x0000000087200000| PB 0x0000000087200000| Complete |  0
|  77|0x0000000087300000, 0x0000000087400000, 0x0000000087400000|100%| E|CS|TAMS 0x0000000087300000| PB 0x0000000087300000| Complete |  0
|  78|0x0000000087400000, 0x0000000087500000, 0x0000000087500000|100%| E|CS|TAMS 0x0000000087400000| PB 0x0000000087400000| Complete |  0
|  79|0x0000000087500000, 0x0000000087600000, 0x0000000087600000|100%| E|CS|TAMS 0x0000000087500000| PB 0x0000000087500000| Complete |  0
|  80|0x0000000087600000, 0x0000000087700000, 0x0000000087700000|100%| E|CS|TAMS 0x0000000087600000| PB 0x0000000087600000| Complete |  0
|  81|0x0000000087700000, 0x0000000087800000, 0x0000000087800000|100%| E|CS|TAMS 0x0000000087700000| PB 0x0000000087700000| Complete |  0
|  82|0x0000000087800000, 0x0000000087900000, 0x0000000087900000|100%| E|CS|TAMS 0x0000000087800000| PB 0x0000000087800000| Complete |  0
|  83|0x0000000087900000, 0x0000000087a00000, 0x0000000087a00000|100%| E|CS|TAMS 0x0000000087900000| PB 0x0000000087900000| Complete |  0
|  84|0x0000000087a00000, 0x0000000087b00000, 0x0000000087b00000|100%| E|CS|TAMS 0x0000000087a00000| PB 0x0000000087a00000| Complete |  0
|  85|0x0000000087b00000, 0x0000000087c00000, 0x0000000087c00000|100%| E|CS|TAMS 0x0000000087b00000| PB 0x0000000087b00000| Complete |  0
|  86|0x0000000087c00000, 0x0000000087d00000, 0x0000000087d00000|100%| E|CS|TAMS 0x0000000087c00000| PB 0x0000000087c00000| Complete |  0
|  87|0x0000000087d00000, 0x0000000087e00000, 0x0000000087e00000|100%| E|CS|TAMS 0x0000000087d00000| PB 0x0000000087d00000| Complete |  0
|  88|0x0000000087e00000, 0x0000000087f00000, 0x0000000087f00000|100%| E|CS|TAMS 0x0000000087e00000| PB 0x0000000087e00000| Complete |  0
|  89|0x0000000087f00000, 0x0000000088000000, 0x0000000088000000|100%| E|CS|TAMS 0x0000000087f00000| PB 0x0000000087f00000| Complete |  0
|  90|0x0000000088000000, 0x0000000088100000, 0x0000000088100000|100%| E|CS|TAMS 0x0000000088000000| PB 0x0000000088000000| Complete |  0
|  91|0x0000000088100000, 0x0000000088200000, 0x0000000088200000|100%| E|CS|TAMS 0x0000000088100000| PB 0x0000000088100000| Complete |  0
|  92|0x0000000088200000, 0x0000000088300000, 0x0000000088300000|100%| E|CS|TAMS 0x0000000088200000| PB 0x0000000088200000| Complete |  0
|  93|0x0000000088300000, 0x0000000088400000, 0x0000000088400000|100%| E|CS|TAMS 0x0000000088300000| PB 0x0000000088300000| Complete |  0
|  94|0x0000000088400000, 0x0000000088500000, 0x0000000088500000|100%| E|CS|TAMS 0x0000000088400000| PB 0x0000000088400000| Complete |  0
|  95|0x0000000088500000, 0x0000000088600000, 0x0000000088600000|100%| E|CS|TAMS 0x0000000088500000| PB 0x0000000088500000| Complete |  0
|  96|0x0000000088600000, 0x0000000088700000, 0x0000000088700000|100%| E|CS|TAMS 0x0000000088600000| PB 0x0000000088600000| Complete |  0
|  97|0x0000000088700000, 0x0000000088800000, 0x0000000088800000|100%| E|CS|TAMS 0x0000000088700000| PB 0x0000000088700000| Complete |  0
|  98|0x0000000088800000, 0x0000000088900000, 0x0000000088900000|100%| E|CS|TAMS 0x0000000088800000| PB 0x0000000088800000| Complete |  0
|  99|0x0000000088900000, 0x0000000088a00000, 0x0000000088a00000|100%| E|CS|TAMS 0x0000000088900000| PB 0x0000000088900000| Complete |  0
| 100|0x0000000088a00000, 0x0000000088b00000, 0x0000000088b00000|100%| E|CS|TAMS 0x0000000088a00000| PB 0x0000000088a00000| Complete |  0
| 101|0x0000000088b00000, 0x0000000088c00000, 0x0000000088c00000|100%| E|CS|TAMS 0x0000000088b00000| PB 0x0000000088b00000| Complete |  0
| 102|0x0000000088c00000, 0x0000000088d00000, 0x0000000088d00000|100%| E|CS|TAMS 0x0000000088c00000| PB 0x0000000088c00000| Complete |  0
| 103|0x0000000088d00000, 0x0000000088e00000, 0x0000000088e00000|100%| E|CS|TAMS 0x0000000088d00000| PB 0x0000000088d00000| Complete |  0
| 104|0x0000000088e00000, 0x0000000088f00000, 0x0000000088f00000|100%| E|CS|TAMS 0x0000000088e00000| PB 0x0000000088e00000| Complete |  0
| 105|0x0000000088f00000, 0x0000000089000000, 0x0000000089000000|100%| E|CS|TAMS 0x0000000088f00000| PB 0x0000000088f00000| Complete |  0
| 106|0x0000000089000000, 0x0000000089100000, 0x0000000089100000|100%| E|CS|TAMS 0x0000000089000000| PB 0x0000000089000000| Complete |  0
| 107|0x0000000089100000, 0x0000000089200000, 0x0000000089200000|100%| E|CS|TAMS 0x0000000089100000| PB 0x0000000089100000| Complete |  0
| 108|0x0000000089200000, 0x0000000089300000, 0x0000000089300000|100%| E|CS|TAMS 0x0000000089200000| PB 0x0000000089200000| Complete |  0
| 109|0x0000000089300000, 0x0000000089400000, 0x0000000089400000|100%| E|CS|TAMS 0x0000000089300000| PB 0x0000000089300000| Complete |  0
| 110|0x0000000089400000, 0x0000000089500000, 0x0000000089500000|100%| E|CS|TAMS 0x0000000089400000| PB 0x0000000089400000| Complete |  0
| 111|0x0000000089500000, 0x0000000089600000, 0x0000000089600000|100%| E|CS|TAMS 0x0000000089500000| PB 0x0000000089500000| Complete |  0
| 112|0x0000000089600000, 0x0000000089700000, 0x0000000089700000|100%| E|CS|TAMS 0x0000000089600000| PB 0x0000000089600000| Complete |  0
| 113|0x0000000089700000, 0x0000000089800000, 0x0000000089800000|100%| E|CS|TAMS 0x0000000089700000| PB 0x0000000089700000| Complete |  0
| 114|0x0000000089800000, 0x0000000089900000, 0x0000000089900000|100%| E|CS|TAMS 0x0000000089800000| PB 0x0000000089800000| Complete |  0
| 115|0x0000000089900000, 0x0000000089a00000, 0x0000000089a00000|100%| E|CS|TAMS 0x0000000089900000| PB 0x0000000089900000| Complete |  0
| 116|0x0000000089a00000, 0x0000000089b00000, 0x0000000089b00000|100%| E|CS|TAMS 0x0000000089a00000| PB 0x0000000089a00000| Complete |  0
| 117|0x0000000089b00000, 0x0000000089c00000, 0x0000000089c00000|100%| E|CS|TAMS 0x0000000089b00000| PB 0x0000000089b00000| Complete |  0
| 118|0x0000000089c00000, 0x0000000089d00000, 0x0000000089d00000|100%| E|CS|TAMS 0x0000000089c00000| PB 0x0000000089c00000| Complete |  0
| 119|0x0000000089d00000, 0x0000000089e00000, 0x0000000089e00000|100%| E|CS|TAMS 0x0000000089d00000| PB 0x0000000089d00000| Complete |  0
| 120|0x0000000089e00000, 0x0000000089f00000, 0x0000000089f00000|100%| E|CS|TAMS 0x0000000089e00000| PB 0x0000000089e00000| Complete |  0
| 121|0x0000000089f00000, 0x000000008a000000, 0x000000008a000000|100%| E|CS|TAMS 0x0000000089f00000| PB 0x0000000089f00000| Complete |  0
| 122|0x000000008a000000, 0x000000008a100000, 0x000000008a100000|100%| E|CS|TAMS 0x000000008a000000| PB 0x000000008a000000| Complete |  0
| 123|0x000000008a100000, 0x000000008a200000, 0x000000008a200000|100%| E|CS|TAMS 0x000000008a100000| PB 0x000000008a100000| Complete |  0
| 124|0x000000008a200000, 0x000000008a300000, 0x000000008a300000|100%| E|CS|TAMS 0x000000008a200000| PB 0x000000008a200000| Complete |  0
| 125|0x000000008a300000, 0x000000008a400000, 0x000000008a400000|100%| E|CS|TAMS 0x000000008a300000| PB 0x000000008a300000| Complete |  0

Card table byte_map: [0x00000257c0560000,0x00000257c0950000] _byte_map_base: 0x00000257c014d000

Marking Bits: (CMBitMap*) 0x00000257a8b47bd0
 Bits: [0x00000257c0950000, 0x00000257c28b8000)

Polling page: 0x00000257a6a20000

Metaspace:

Usage:
  Non-class:     16.98 MB used.
      Class:      2.20 MB used.
       Both:     19.18 MB used.

Virtual space:
  Non-class space:       64.00 MB reserved,      17.12 MB ( 27%) committed,  1 nodes.
      Class space:        1.00 GB reserved,       2.31 MB ( <1%) committed,  1 nodes.
             Both:        1.06 GB reserved,      19.44 MB (  2%) committed. 

Chunk freelists:
   Non-Class:  14.44 MB
       Class:  13.58 MB
        Both:  28.02 MB

MaxMetaspaceSize: unlimited
CompressedClassSpaceSize: 1.00 GB
Initial GC threshold: 21.00 MB
Current GC threshold: 21.00 MB
CDS: on
 - commit_granule_bytes: 65536.
 - commit_granule_words: 8192.
 - virtual_space_node_default_size: 8388608.
 - enlarge_chunks_in_place: 1.
 - use_allocation_guard: 0.


Internal statistics:

num_allocs_failed_limit: 0.
num_arena_births: 182.
num_arena_deaths: 0.
num_vsnodes_births: 2.
num_vsnodes_deaths: 0.
num_space_committed: 311.
num_space_uncommitted: 0.
num_chunks_returned_to_freelist: 0.
num_chunks_taken_from_freelist: 850.
num_chunk_merges: 0.
num_chunk_splits: 594.
num_chunks_enlarged: 490.
num_inconsistent_stats: 0.

CodeHeap 'non-profiled nmethods': size=120000Kb used=2705Kb max_used=2705Kb free=117294Kb
 bounds [0x00000257b8910000, 0x00000257b8bc0000, 0x00000257bfe40000]
CodeHeap 'profiled nmethods': size=120000Kb used=10151Kb max_used=10151Kb free=109848Kb
 bounds [0x00000257b0e40000, 0x00000257b1830000, 0x00000257b8370000]
CodeHeap 'non-nmethods': size=5760Kb used=1431Kb max_used=1493Kb free=4329Kb
 bounds [0x00000257b8370000, 0x00000257b85e0000, 0x00000257b8910000]
 total_blobs=5376 nmethods=4862 adapters=418
 compilation: enabled
              stopped_count=0, restarted_count=0
 full_count=0

Compilation events (20 events):
Event: 3.728 Thread 0x000002580ba01820 4844  s    4       java.lang.Throwable::fillInStackTrace (29 bytes)
Event: 3.730 Thread 0x000002580ba01820 nmethod 4844 0x00000257b8bb2910 code [0x00000257b8bb2aa0, 0x00000257b8bb2e70]
Event: 3.730 Thread 0x000002580ba01820 4845       4       jdk.internal.jimage.ImageStringsReader::stringFromByteBufferMatches (138 bytes)
Event: 3.733 Thread 0x000002580ba01820 nmethod 4845 0x00000257b8bb2f90 code [0x00000257b8bb3140, 0x00000257b8bb3588]
Event: 3.733 Thread 0x00000257c5129d20 4846       3       jdk.internal.loader.BuiltinClassLoader::loadClass (22 bytes)
Event: 3.734 Thread 0x00000257c5129d20 nmethod 4846 0x00000257b1819490 code [0x00000257b1819640, 0x00000257b18198f8]
Event: 3.747 Thread 0x00000257c5129d20 4847       3       java.util.Arrays::fill (21 bytes)
Event: 3.747 Thread 0x00000257c5129d20 nmethod 4847 0x00000257b1819a10 code [0x00000257b1819ba0, 0x00000257b1819d38]
Event: 3.747 Thread 0x00000257c5129d20 4848       3       java.io.ByteArrayOutputStream::<init> (7 bytes)
Event: 3.747 Thread 0x00000257c5129d20 nmethod 4848 0x00000257b1819e10 code [0x00000257b1819fc0, 0x00000257b181a100]
Event: 3.747 Thread 0x00000257c5129d20 4849       3       java.io.ByteArrayOutputStream::<init> (43 bytes)
Event: 3.748 Thread 0x00000257c5129d20 nmethod 4849 0x00000257b181a190 code [0x00000257b181a3c0, 0x00000257b181aba0]
Event: 3.750 Thread 0x00000257c5129d20 4850  s    3       java.io.ByteArrayOutputStream::reset (6 bytes)
Event: 3.750 Thread 0x00000257c5129d20 nmethod 4850 0x00000257b181ae90 code [0x00000257b181b020, 0x00000257b181b1f0]
Event: 3.750 Thread 0x00000257c5129d20 4851       1       sun.nio.fs.WindowsNativeDispatcher$FirstFile::handle (5 bytes)
Event: 3.750 Thread 0x00000257c5129d20 nmethod 4851 0x00000257b8bb3990 code [0x00000257b8bb3b20, 0x00000257b8bb3be8]
Event: 3.750 Thread 0x00000257c5129d20 4852       1       sun.nio.fs.WindowsNativeDispatcher$FirstFile::name (5 bytes)
Event: 3.750 Thread 0x00000257c5129d20 nmethod 4852 0x00000257b8bb3c90 code [0x00000257b8bb3e20, 0x00000257b8bb3ee8]
Event: 3.750 Thread 0x00000257c5129d20 4853       1       sun.nio.fs.WindowsNativeDispatcher$FirstFile::attributes (5 bytes)
Event: 3.750 Thread 0x00000257c5129d20 nmethod 4853 0x00000257b8bb3f90 code [0x00000257b8bb4120, 0x00000257b8bb41e8]

GC Heap History (6 events):
Event: 0.645 GC heap before
{Heap before GC invocations=0 (full 0):
 garbage-first heap   total reserved 2058240K, committed 129024K, used 24576K [0x0000000082600000, 0x0000000100000000)
  region size 1024K, 24 young (24576K), 0 survivors (0K)
 Metaspace       used 5742K, committed 5952K, reserved 1114112K
  class space    used 679K, committed 768K, reserved 1048576K
}
Event: 0.650 GC heap after
{Heap after GC invocations=1 (full 0):
 garbage-first heap   total reserved 2058240K, committed 129024K, used 3891K [0x0000000082600000, 0x0000000100000000)
  region size 1024K, 3 young (3072K), 3 survivors (3072K)
 Metaspace       used 5742K, committed 5952K, reserved 1114112K
  class space    used 679K, committed 768K, reserved 1048576K
}
Event: 1.182 GC heap before
{Heap before GC invocations=1 (full 0):
 garbage-first heap   total reserved 2058240K, committed 129024K, used 36659K [0x0000000082600000, 0x0000000100000000)
  region size 1024K, 35 young (35840K), 3 survivors (3072K)
 Metaspace       used 11075K, committed 11200K, reserved 1114112K
  class space    used 1343K, committed 1408K, reserved 1048576K
}
Event: 1.187 GC heap after
{Heap after GC invocations=2 (full 0):
 garbage-first heap   total reserved 2058240K, committed 129024K, used 6126K [0x0000000082600000, 0x0000000100000000)
  region size 1024K, 3 young (3072K), 3 survivors (3072K)
 Metaspace       used 11075K, committed 11200K, reserved 1114112K
  class space    used 1343K, committed 1408K, reserved 1048576K
}
Event: 2.583 GC heap before
{Heap before GC invocations=2 (full 0):
 garbage-first heap   total reserved 2058240K, committed 129024K, used 79854K [0x0000000082600000, 0x0000000100000000)
  region size 1024K, 75 young (76800K), 3 survivors (3072K)
 Metaspace       used 15844K, committed 16128K, reserved 1114112K
  class space    used 1863K, committed 1984K, reserved 1048576K
}
Event: 2.592 GC heap after
{Heap after GC invocations=3 (full 0):
 garbage-first heap   total reserved 2058240K, committed 129024K, used 14141K [0x0000000082600000, 0x0000000100000000)
  region size 1024K, 10 young (10240K), 10 survivors (10240K)
 Metaspace       used 15844K, committed 16128K, reserved 1114112K
  class space    used 1863K, committed 1984K, reserved 1048576K
}

Dll operation events (8 events):
Event: 0.005 Loaded shared library C:\Program Files\Java\jdk-22\bin\java.dll
Event: 0.028 Loaded shared library C:\Program Files\Java\jdk-22\bin\jsvml.dll
Event: 0.040 Loaded shared library C:\Program Files\Java\jdk-22\bin\net.dll
Event: 0.041 Loaded shared library C:\Program Files\Java\jdk-22\bin\nio.dll
Event: 0.044 Loaded shared library C:\Program Files\Java\jdk-22\bin\zip.dll
Event: 0.226 Loaded shared library C:\Program Files\Java\jdk-22\bin\jimage.dll
Event: 0.255 Loaded shared library C:\Users\Aditya\Downloads\apache-maven-3.9.6-bin\apache-maven-3.9.6\lib\jansi-native\Windows\x86_64\jansi.dll
Event: 0.265 Loaded shared library C:\Program Files\Java\jdk-22\bin\verify.dll

Deoptimization events (20 events):
Event: 3.600 Thread 0x00000257a6837460 Uncommon trap: trap_request=0xffffff45 fr.pc=0x00000257b8a1a440 relative=0x00000000000010c0
Event: 3.600 Thread 0x00000257a6837460 Uncommon trap: reason=unstable_if action=reinterpret pc=0x00000257b8a1a440 method=sun.net.www.ParseUtil.firstEncodeIndex(Ljava/lang/String;)I @ 73 c2
Event: 3.600 Thread 0x00000257a6837460 DEOPT PACKING pc=0x00000257b8a1a440 sp=0x000000b844bfceb0
Event: 3.600 Thread 0x00000257a6837460 DEOPT UNPACKING pc=0x00000257b83c46a2 sp=0x000000b844bfcd38 mode 2
Event: 3.636 Thread 0x00000257a6837460 Uncommon trap: trap_request=0xffffffbe fr.pc=0x00000257b8a3672c relative=0x000000000000120c
Event: 3.636 Thread 0x00000257a6837460 Uncommon trap: reason=profile_predicate action=maybe_recompile pc=0x00000257b8a3672c method=java.util.TimSort.binarySort([Ljava/lang/Object;IIILjava/util/Comparator;)V @ 34 c2
Event: 3.636 Thread 0x00000257a6837460 DEOPT PACKING pc=0x00000257b8a3672c sp=0x000000b844bfd5c0
Event: 3.636 Thread 0x00000257a6837460 DEOPT UNPACKING pc=0x00000257b83c46a2 sp=0x000000b844bfd590 mode 2
Event: 3.643 Thread 0x00000257a6837460 Uncommon trap: trap_request=0xffffff45 fr.pc=0x00000257b8a5ec7c relative=0x00000000000000dc
Event: 3.643 Thread 0x00000257a6837460 Uncommon trap: reason=unstable_if action=reinterpret pc=0x00000257b8a5ec7c method=java.util.Spliterator.getExactSizeIfKnown()J @ 9 c2
Event: 3.643 Thread 0x00000257a6837460 DEOPT PACKING pc=0x00000257b8a5ec7c sp=0x000000b844bfd7e0
Event: 3.643 Thread 0x00000257a6837460 DEOPT UNPACKING pc=0x00000257b83c46a2 sp=0x000000b844bfd778 mode 2
Event: 3.727 Thread 0x00000257a6837460 Uncommon trap: trap_request=0xffffff45 fr.pc=0x00000257b8b3fe44 relative=0x0000000000000124
Event: 3.727 Thread 0x00000257a6837460 Uncommon trap: reason=unstable_if action=reinterpret pc=0x00000257b8b3fe44 method=java.util.regex.Pattern$Start.match(Ljava/util/regex/Matcher;ILjava/lang/CharSequence;)Z @ 10 c2
Event: 3.727 Thread 0x00000257a6837460 DEOPT PACKING pc=0x00000257b8b3fe44 sp=0x000000b844bfcd10
Event: 3.727 Thread 0x00000257a6837460 DEOPT UNPACKING pc=0x00000257b83c46a2 sp=0x000000b844bfcc90 mode 2
Event: 3.735 Thread 0x00000257a6837460 Uncommon trap: trap_request=0xffffff45 fr.pc=0x00000257b89b20e4 relative=0x0000000000000da4
Event: 3.735 Thread 0x00000257a6837460 Uncommon trap: reason=unstable_if action=reinterpret pc=0x00000257b89b20e4 method=jdk.internal.jimage.ImageLocation.verifyName(Ljava/lang/String;Ljava/lang/String;IIIIIILjdk/internal/jimage/ImageStrings;)Z @ 45 c2
Event: 3.735 Thread 0x00000257a6837460 DEOPT PACKING pc=0x00000257b89b20e4 sp=0x000000b844bfc600
Event: 3.735 Thread 0x00000257a6837460 DEOPT UNPACKING pc=0x00000257b83c46a2 sp=0x000000b844bfc318 mode 2

Classes loaded (20 events):
Event: 3.733 Loading class java/nio/file/FileStore
Event: 3.733 Loading class java/nio/file/FileStore done
Event: 3.734 Loading class java/nio/channels/AsynchronousFileChannel
Event: 3.734 Loading class java/nio/channels/AsynchronousChannel
Event: 3.734 Loading class java/nio/channels/AsynchronousChannel done
Event: 3.734 Loading class java/nio/channels/AsynchronousFileChannel done
Event: 3.735 Loading class jdk/internal/jrtfs/JrtFileSystemProvider
Event: 3.735 Loading class jdk/internal/jrtfs/JrtFileSystemProvider done
Event: 3.735 Loading class sun/net/www/protocol/jrt/JavaRuntimeURLConnection
Event: 3.736 Loading class sun/net/www/protocol/jrt/JavaRuntimeURLConnection done
Event: 3.736 Loading class sun/net/www/protocol/jrt/JavaRuntimeURLConnection$1
Event: 3.736 Loading class sun/net/www/protocol/jrt/JavaRuntimeURLConnection$1 done
Event: 3.736 Loading class jdk/internal/jimage/ImageBufferCache
Event: 3.737 Loading class jdk/internal/jimage/ImageBufferCache done
Event: 3.737 Loading class jdk/internal/jimage/ImageBufferCache$1
Event: 3.737 Loading class jdk/internal/jimage/ImageBufferCache$1 done
Event: 3.737 Loading class jdk/internal/jimage/ImageBufferCache$2
Event: 3.737 Loading class jdk/internal/jimage/ImageBufferCache$2 done
Event: 3.737 Loading class java/util/AbstractMap$SimpleEntry
Event: 3.737 Loading class java/util/AbstractMap$SimpleEntry done

Classes unloaded (0 events):
No events

Classes redefined (0 events):
No events

Internal exceptions (20 events):
Event: 1.333 Thread 0x00000257a6837460 Exception <a 'java/lang/NoClassDefFoundError'{0x0000000089cc7a88}: com/google/inject/servlet/ServletModuleTargetVisitor> (0x0000000089cc7a88) 
thrown [s\open\src\hotspot\share\classfile\systemDictionary.cpp, line 302]
Event: 1.375 Thread 0x00000257a6837460 Exception <a 'java/lang/NoSuchMethodError'{0x0000000089a84098}: 'void java.lang.invoke.DirectMethodHandle$Holder.invokeVirtual(java.lang.Object, java.lang.Object)'> (0x0000000089a84098) 
thrown [s\open\src\hotspot\share\interpreter\linkResolver.cpp, line 774]
Event: 1.404 Thread 0x00000257a6837460 Exception <a 'java/lang/NoSuchMethodError'{0x0000000089903248}: 'java.lang.Object java.lang.invoke.DirectMethodHandle$Holder.invokeStaticInit(java.lang.Object, int, int, int, int)'> (0x0000000089903248) 
thrown [s\open\src\hotspot\share\interpreter\linkResolver.cpp, line 774]
Event: 1.538 Thread 0x00000257a6837460 Implicit null exception at 0x00000257b895b2a4 to 0x00000257b895b93c
Event: 1.538 Thread 0x00000257a6837460 Implicit null exception at 0x00000257b894a2a0 to 0x00000257b894a914
Event: 1.621 Thread 0x00000257a6837460 Exception <a 'java/lang/NoSuchMethodError'{0x00000000892bb2e0}: 'void java.lang.invoke.DirectMethodHandle$Holder.invokeVirtual(java.lang.Object, java.lang.Object, int)'> (0x00000000892bb2e0) 
thrown [s\open\src\hotspot\share\interpreter\linkResolver.cpp, line 774]
Event: 1.622 Thread 0x00000257a6837460 Exception <a 'java/lang/NoSuchMethodError'{0x00000000892c2498}: 'void java.lang.invoke.DelegatingMethodHandle$Holder.reinvoke_L(java.lang.Object, java.lang.Object, int)'> (0x00000000892c2498) 
thrown [s\open\src\hotspot\share\interpreter\linkResolver.cpp, line 774]
Event: 2.032 Thread 0x00000257a6837460 Implicit null exception at 0x00000257b8a570b0 to 0x00000257b8a5850c
Event: 2.032 Thread 0x00000257a6837460 Implicit null exception at 0x00000257b89d661b to 0x00000257b89d681c
Event: 2.033 Thread 0x00000257a6837460 Implicit null exception at 0x00000257b8a2f10d to 0x00000257b8a2f9dc
Event: 3.024 Thread 0x00000257a6837460 Implicit null exception at 0x00000257b8a310c0 to 0x00000257b8a31142
Event: 3.222 Thread 0x00000257a6837460 Exception <a 'java/lang/NoSuchMethodError'{0x00000000885a2868}: 'java.lang.Object java.lang.invoke.DirectMethodHandle$Holder.newInvokeSpecial(java.lang.Object, java.lang.Object, java.lang.Object, java.lang.Object, java.lang.Object, java.lang.Object, java.lang.Object)'> (0x00000000885a2868) 
thrown [s\open\src\hotspot\share\interpreter\linkResolver.cpp, line 774]
Event: 3.356 Thread 0x00000257a6837460 Implicit null exception at 0x00000257b8b21673 to 0x00000257b8b21e64
Event: 3.365 Thread 0x00000257a6837460 Exception <a 'java/lang/NoSuchMethodError'{0x0000000087d8e420}: 'java.lang.Object java.lang.invoke.DirectMethodHandle$Holder.invokeVirtual(java.lang.Object, java.lang.Object, java.lang.Object)'> (0x0000000087d8e420) 
thrown [s\open\src\hotspot\share\interpreter\linkResolver.cpp, line 774]
Event: 3.366 Thread 0x00000257a6837460 Exception <a 'java/lang/NoSuchMethodError'{0x0000000087d94ea8}: 'void java.lang.invoke.DirectMethodHandle$Holder.invokeSpecial(java.lang.Object, java.lang.Object, java.lang.Object, java.lang.Object, java.lang.Object, java.lang.Object)'> (0x0000000087d94ea8) 
thrown [s\open\src\hotspot\share\interpreter\linkResolver.cpp, line 774]
Event: 3.366 Thread 0x00000257a6837460 Exception <a 'java/lang/NoSuchMethodError'{0x0000000087d9f240}: 'int java.lang.invoke.DirectMethodHandle$Holder.invokeVirtual(java.lang.Object, java.lang.Object)'> (0x0000000087d9f240) 
thrown [s\open\src\hotspot\share\interpreter\linkResolver.cpp, line 774]
Event: 3.635 Thread 0x00000257a6837460 Exception <a 'sun/nio/fs/WindowsException'{0x0000000086e28e30}> (0x0000000086e28e30) 
thrown [s\open\src\hotspot\share\prims\jni.cpp, line 520]
Event: 3.643 Thread 0x00000257a6837460 Exception <a 'java/lang/IncompatibleClassChangeError'{0x0000000086e58e18}: Found class java.lang.Object, but interface was expected> (0x0000000086e58e18) 
thrown [s\open\src\hotspot\share\interpreter\linkResolver.cpp, line 841]
Event: 3.644 Thread 0x00000257a6837460 Exception <a 'java/lang/NoSuchMethodError'{0x0000000086e5e158}: 'void java.lang.invoke.DirectMethodHandle$Holder.invokeInterface(java.lang.Object, java.lang.Object, java.lang.Object)'> (0x0000000086e5e158) 
thrown [s\open\src\hotspot\share\interpreter\linkResolver.cpp, line 774]
Event: 3.728 Thread 0x00000257a6837460 Exception <a 'java/lang/NoSuchMethodError'{0x0000000086d8beb0}: 'int java.lang.invoke.DirectMethodHandle$Holder.invokeInterface(java.lang.Object, java.lang.Object)'> (0x0000000086d8beb0) 
thrown [s\open\src\hotspot\share\interpreter\linkResolver.cpp, line 774]

ZGC Phase Switch (0 events):
No events

VM Operations (20 events):
Event: 2.057 Executing VM operation: ICBufferFull
Event: 2.057 Executing VM operation: ICBufferFull done
Event: 2.422 Executing VM operation: ICBufferFull
Event: 2.423 Executing VM operation: ICBufferFull done
Event: 2.582 Executing VM operation: G1CollectForAllocation (G1 Evacuation Pause)
Event: 2.592 Executing VM operation: G1CollectForAllocation (G1 Evacuation Pause) done
Event: 3.025 Executing VM operation: ICBufferFull
Event: 3.026 Executing VM operation: ICBufferFull done
Event: 3.353 Executing VM operation: ICBufferFull
Event: 3.353 Executing VM operation: ICBufferFull done
Event: 3.378 Executing VM operation: HandshakeAllThreads (Deoptimize)
Event: 3.378 Executing VM operation: HandshakeAllThreads (Deoptimize) done
Event: 3.635 Executing VM operation: HandshakeAllThreads (Deoptimize)
Event: 3.635 Executing VM operation: HandshakeAllThreads (Deoptimize) done
Event: 3.675 Executing VM operation: HandshakeAllThreads (Deoptimize)
Event: 3.675 Executing VM operation: HandshakeAllThreads (Deoptimize) done
Event: 3.726 Executing VM operation: HandshakeAllThreads (Deoptimize)
Event: 3.727 Executing VM operation: HandshakeAllThreads (Deoptimize) done
Event: 3.727 Executing VM operation: ICBufferFull
Event: 3.727 Executing VM operation: ICBufferFull done

Memory protections (0 events):
No events

Nmethod flushes (0 events):
No events

Events (13 events):
Event: 0.017 Thread 0x00000257a6837460 Thread added: 0x00000257a6837460
Event: 0.026 Thread 0x00000257a6837460 Thread added: 0x00000257c5110130
Event: 0.026 Thread 0x00000257a6837460 Thread added: 0x00000257c5112f60
Event: 0.026 Thread 0x00000257a6837460 Thread added: 0x00000257c5120120
Event: 0.026 Thread 0x00000257a6837460 Thread added: 0x00000257c51218d0
Event: 0.026 Thread 0x00000257a6837460 Thread added: 0x00000257c5122570
Event: 0.026 Thread 0x00000257a6837460 Thread added: 0x00000257c51256e0
Event: 0.026 Thread 0x00000257a6837460 Thread added: 0x00000257c5126ea0
Event: 0.026 Thread 0x00000257a6837460 Thread added: 0x00000257c5129d20
Event: 0.037 Thread 0x00000257a6837460 Thread added: 0x00000257c56059c0
Event: 0.039 Thread 0x00000257a6837460 Thread added: 0x00000257c560ea90
Event: 0.403 Thread 0x00000257c5129d20 Thread added: 0x000002580b1f1a60
Event: 0.604 Thread 0x00000257c5129d20 Thread added: 0x000002580ba01820


Dynamic libraries:
0x00007ff7e2810000 - 0x00007ff7e2820000 	C:\Program Files\Java\jdk-22\bin\java.exe
0x00007fffb9130000 - 0x00007fffb9347000 	C:\WINDOWS\SYSTEM32\ntdll.dll
0x00007fffb7e60000 - 0x00007fffb7f24000 	C:\WINDOWS\System32\KERNEL32.DLL
0x00007fffb6990000 - 0x00007fffb6d3d000 	C:\WINDOWS\System32\KERNELBASE.dll
0x00007fffb6620000 - 0x00007fffb6731000 	C:\WINDOWS\System32\ucrtbase.dll
0x00007fffb2880000 - 0x00007fffb2897000 	C:\Program Files\Java\jdk-22\bin\jli.dll
0x00007fffb0ba0000 - 0x00007fffb0bbb000 	C:\Program Files\Java\jdk-22\bin\VCRUNTIME140.dll
0x00007fffb8da0000 - 0x00007fffb8f4e000 	C:\WINDOWS\System32\USER32.dll
0x00007fffa25f0000 - 0x00007fffa2883000 	C:\WINDOWS\WinSxS\amd64_microsoft.windows.common-controls_6595b64144ccf1df_6.0.22621.3672_none_2713b9d173822955\COMCTL32.dll
0x00007fffb6480000 - 0x00007fffb64a6000 	C:\WINDOWS\System32\win32u.dll
0x00007fffb8340000 - 0x00007fffb83e7000 	C:\WINDOWS\System32\msvcrt.dll
0x00007fffb7d30000 - 0x00007fffb7d59000 	C:\WINDOWS\System32\GDI32.dll
0x00007fffb6d40000 - 0x00007fffb6e59000 	C:\WINDOWS\System32\gdi32full.dll
0x00007fffb6870000 - 0x00007fffb690a000 	C:\WINDOWS\System32\msvcp_win.dll
0x00007fffb7290000 - 0x00007fffb72c1000 	C:\WINDOWS\System32\IMM32.DLL
0x00007fffb3330000 - 0x00007fffb333c000 	C:\Program Files\Java\jdk-22\bin\vcruntime140_1.dll
0x00007fffad240000 - 0x00007fffad2ce000 	C:\Program Files\Java\jdk-22\bin\msvcp140.dll
0x00007fff6a490000 - 0x00007fff6b1d9000 	C:\Program Files\Java\jdk-22\bin\server\jvm.dll
0x00007fffb8b00000 - 0x00007fffb8bb2000 	C:\WINDOWS\System32\ADVAPI32.dll
0x00007fffb9020000 - 0x00007fffb90c9000 	C:\WINDOWS\System32\sechost.dll
0x00007fffb6450000 - 0x00007fffb6478000 	C:\WINDOWS\System32\bcrypt.dll
0x00007fffb8400000 - 0x00007fffb8514000 	C:\WINDOWS\System32\RPCRT4.dll
0x00007fffb8fa0000 - 0x00007fffb9011000 	C:\WINDOWS\System32\WS2_32.dll
0x00007fffb5300000 - 0x00007fffb534d000 	C:\WINDOWS\SYSTEM32\POWRPROF.dll
0x00007fffaf180000 - 0x00007fffaf1b4000 	C:\WINDOWS\SYSTEM32\WINMM.dll
0x00007fffae580000 - 0x00007fffae58a000 	C:\WINDOWS\SYSTEM32\VERSION.dll
0x00007fffb52e0000 - 0x00007fffb52f3000 	C:\WINDOWS\SYSTEM32\UMPDC.dll
0x00007fffb5590000 - 0x00007fffb55a8000 	C:\WINDOWS\SYSTEM32\kernel.appcore.dll
0x00007fffb2870000 - 0x00007fffb287a000 	C:\Program Files\Java\jdk-22\bin\jimage.dll
0x00007fff9f360000 - 0x00007fff9f592000 	C:\WINDOWS\SYSTEM32\DBGHELP.DLL
0x00007fffb7f30000 - 0x00007fffb82be000 	C:\WINDOWS\System32\combase.dll
0x00007fffb8bc0000 - 0x00007fffb8c97000 	C:\WINDOWS\System32\OLEAUT32.dll
0x00007fff9f1e0000 - 0x00007fff9f212000 	C:\WINDOWS\SYSTEM32\dbgcore.DLL
0x00007fffb6910000 - 0x00007fffb698b000 	C:\WINDOWS\System32\bcryptPrimitives.dll
0x00007fffb0b80000 - 0x00007fffb0b9e000 	C:\Program Files\Java\jdk-22\bin\java.dll
0x00007fffb72d0000 - 0x00007fffb7b37000 	C:\WINDOWS\System32\SHELL32.dll
0x00007fffb6e60000 - 0x00007fffb7005000 	C:\WINDOWS\System32\ole32.dll
0x00007fffb43d0000 - 0x00007fffb4ccf000 	C:\WINDOWS\SYSTEM32\windows.storage.dll
0x00007fffb4290000 - 0x00007fffb43cf000 	C:\WINDOWS\SYSTEM32\wintypes.dll
0x00007fffb8ca0000 - 0x00007fffb8d99000 	C:\WINDOWS\System32\SHCORE.dll
0x00007fffb7cd0000 - 0x00007fffb7d2e000 	C:\WINDOWS\System32\shlwapi.dll
0x00007fffb6380000 - 0x00007fffb63a7000 	C:\WINDOWS\SYSTEM32\profapi.dll
0x00007fffacfa0000 - 0x00007fffad077000 	C:\Program Files\Java\jdk-22\bin\jsvml.dll
0x00007fffb0b70000 - 0x00007fffb0b80000 	C:\Program Files\Java\jdk-22\bin\net.dll
0x00007fffb5a00000 - 0x00007fffb5a69000 	C:\WINDOWS\system32\mswsock.dll
0x00007fffb0780000 - 0x00007fffb0796000 	C:\Program Files\Java\jdk-22\bin\nio.dll
0x00007fffb0610000 - 0x00007fffb0627000 	C:\Program Files\Java\jdk-22\bin\zip.dll
0x0000000069ac0000 - 0x0000000069ae4000 	C:\Users\Aditya\Downloads\apache-maven-3.9.6-bin\apache-maven-3.9.6\lib\jansi-native\Windows\x86_64\jansi.dll
0x00007fffaf370000 - 0x00007fffaf380000 	C:\Program Files\Java\jdk-22\bin\verify.dll

dbghelp: loaded successfully - version: 4.0.5 - missing functions: none
symbol engine: initialized successfully - sym options: 0x614 - pdb path: .;C:\Program Files\Java\jdk-22\bin;C:\WINDOWS\SYSTEM32;C:\WINDOWS\WinSxS\amd64_microsoft.windows.common-controls_6595b64144ccf1df_6.0.22621.3672_none_2713b9d173822955;C:\Program Files\Java\jdk-22\bin\server;C:\Users\Aditya\Downloads\apache-maven-3.9.6-bin\apache-maven-3.9.6\lib\jansi-native\Windows\x86_64

VM Arguments:
jvm_args: -Dclassworlds.conf=C:\Users\Aditya\Downloads\apache-maven-3.9.6-bin\apache-maven-3.9.6\bin\m2.conf -Dmaven.home=C:\Users\Aditya\Downloads\apache-maven-3.9.6-bin\apache-maven-3.9.6 -Dlibrary.jansi.path=C:\Users\Aditya\Downloads\apache-maven-3.9.6-bin\apache-maven-3.9.6\lib\jansi-native -Dmaven.multiModuleProjectDirectory=D:\python\development\Backend\delivery-app\deliveryboy 
java_command: org.codehaus.plexus.classworlds.launcher.Launcher spring-boot:run
java_class_path (initial): C:\Users\Aditya\Downloads\apache-maven-3.9.6-bin\apache-maven-3.9.6\boot\plexus-classworlds-2.7.0.jar
Launcher Type: SUN_STANDARD

[Global flags]
     intx CICompilerCount                          = 4                                         {product} {ergonomic}
     uint ConcGCThreads                            = 2                                         {product} {ergonomic}
     uint G1ConcRefinementThreads                  = 8                                         {product} {ergonomic}
   size_t G1HeapRegionSize                         = 1048576                                   {product} {ergonomic}
   size_t InitialHeapSize                          = 132120576                                 {product} {ergonomic}
   size_t MarkStackSize                            = 4194304                                   {product} {ergonomic}
   size_t MaxHeapSize                              = 2107637760                                {product} {ergonomic}
   size_t MaxNewSize                               = 1264582656                                {product} {ergonomic}
   size_t MinHeapDeltaBytes                        = 1048576                                   {product} {ergonomic}
   size_t MinHeapSize                              = 8388608                                   {product} {ergonomic}
    uintx NonNMethodCodeHeapSize                   = 5839372                                {pd product} {ergonomic}
    uintx NonProfiledCodeHeapSize                  = 122909434                              {pd product} {ergonomic}
    uintx ProfiledCodeHeapSize                     = 122909434                              {pd product} {ergonomic}
    uintx ReservedCodeCacheSize                    = 251658240                              {pd product} {ergonomic}
     bool SegmentedCodeCache                       = true                                      {product} {ergonomic}
   size_t SoftMaxHeapSize                          = 2107637760                             {manageable} {ergonomic}
     bool UseCompressedOops                        = true                           {product lp64_product} {ergonomic}
     bool UseG1GC                                  = true                                      {product} {ergonomic}
     bool UseLargePagesIndividualAllocation        = false                                  {pd product} {ergonomic}

Logging:
Log output configuration:
 #0: stdout all=warning uptime,level,tags foldmultilines=false
 #1: stderr all=off uptime,level,tags foldmultilines=false

Environment Variables:
JAVA_HOME=C:\Program Files\Java\jdk-22
PATH=C:\Program Files\Common Files\Oracle\Java\javapath;C:\Program Files (x86)\Common Files\Oracle\Java\java8path;C:\Program Files (x86)\Common Files\Oracle\Java\javapath;C:\Windows\System32;C:\Users\Aditya\Downloads\apache-maven-3.9.6-bin\apache-maven-3.9.6\bin;C:\Program Files\NVIDIA Corporation\NVIDIA NvDLISR;D:\nodejs\;C:\Program Files\Java\jdk-22\bin;C:\Program Files\Neovim\bin;C:\ProgramData\chocolatey\bin;C:\Program Files\Git\cmd;C:\MinGW\bin;C:\Program Files (x86)\oh-my-posh\bin;C:\Program Files\Neovide\;C:\msys64\;C:\MinGW;C:\MinGW\bin;C:\Users\Aditya\AppData\Local\Programs\Python\Python312\Scripts\;C:\Users\Aditya\AppData\Local\Programs\Python\Python312\;C:\Program Files\MySQL\MySQL Shell 8.0\bin\;C:\Users\Aditya\AppData\Local\Programs\Python\Python311\Scripts\;C:\Users\Aditya\AppData\Local\Programs\Python\Python311\;C:\Users\Aditya\AppData\Local\Microsoft\WindowsApps;D:\vs code\bin;C:\Users\Aditya\AppData\Roaming\npm;C:\MinGW\bin;C:\msys64;
USERNAME=Aditya
OS=Windows_NT
PROCESSOR_IDENTIFIER=Intel64 Family 6 Model 158 Stepping 10, GenuineIntel
TMP=C:\Users\Aditya\AppData\Local\Temp
TEMP=C:\Users\Aditya\AppData\Local\Temp




Periodic native trim disabled

---------------  S Y S T E M  ---------------

OS:
 Windows 11 , 64 bit Build 22621 (10.0.22621.3958)
OS uptime: 1 days 23:48 hours

CPU: total 8 (initial active 8) (4 cores per cpu, 2 threads per core) family 6 model 158 stepping 10 microcode 0xde, cx8, cmov, fxsr, ht, mmx, 3dnowpref, sse, sse2, sse3, ssse3, sse4.1, sse4.2, popcnt, lzcnt, tsc, tscinvbit, avx, avx2, aes, erms, clmul, bmi1, bmi2, adx, fma, vzeroupper, clflush, clflushopt, rdtscp, f16c
Processor Information for all 8 processors :
  Max Mhz: 2304, Current Mhz: 2304, Mhz Limit: 2304

Memory: 4k page, system-wide physical 8034M (2013M free)
TotalPageFile size 10034M (AvailPageFile size 5M)
current process WorkingSet (physical memory assigned to process): 234M, peak: 234M
current process commit charge ("private bytes"): 280M, peak: 281M

vm_info: Java HotSpot(TM) 64-Bit Server VM (22.0.2+9-70) for windows-amd64 JRE (22.0.2+9-70), built on 2024-06-04T16:52:23Z by "mach5one" with MS VC++ 17.6 (VS2022)

END.
